生成启动时间为 2015/11/9 16:56:09。
     1>项目“E:\MyVSWorkSpace\DataBaseManager\DataBaseManager\DataBaseManager.vcxproj”在节点 2 上(Build 个目标)。
     1>ClCompile:
         D:\Program Files (x86)\Microsoft Visual Studio 14.0\VC\bin\CL.exe /c /ZI /nologo /W3 /WX- /Od /Oy- /D WIN32 /D _DEBUG /D _CONSOLE /D _USING_V110_SDK71_ /D _UNICODE /D UNICODE /Gm /EHsc /RTC1 /MDd /GS /fp:precise /Zc:wchar_t /Zc:forScope /Zc:inline /Fo"Debug\\" /Fd"Debug\vc140.pdb" /Gd /TP /analyze- /errorReport:prompt DBClass.cpp TableClass.cpp main.cpp
         DBClass.cpp
     1>e:\myvsworkspace\databasemanager\databasemanager\dbclass.cpp(34): warning C4018: “<”: 有符号/无符号不匹配
     1>e:\myvsworkspace\databasemanager\databasemanager\dbclass.cpp(45): warning C4018: “<”: 有符号/无符号不匹配
         正在生成代码...
         正在跳过...(未检测到相关更改)
         main.cpp
         TableClass.cpp
       Link:
         D:\Program Files (x86)\Microsoft Visual Studio 14.0\VC\bin\link.exe /ERRORREPORT:PROMPT /OUT:"E:\MyVSWorkSpace\DataBaseManager\Debug\DataBaseManager.exe" /INCREMENTAL /NOLOGO kernel32.lib user32.lib gdi32.lib winspool.lib comdlg32.lib advapi32.lib shell32.lib ole32.lib oleaut32.lib uuid.lib odbc32.lib odbccp32.lib /MANIFEST /MANIFESTUAC:"level='asInvoker' uiAccess='false'" /manifest:embed /Debug /PDB:"E:\MyVSWorkSpace\DataBaseManager\Debug\DataBaseManager.pdb" /SUBSYSTEM:CONSOLE,"5.01" /TLBID:1 /DYNAMICBASE /NXCOMPAT /IMPLIB:"E:\MyVSWorkSpace\DataBaseManager\Debug\DataBaseManager.lib" /MACHINE:X86 Debug\DBClass.obj
         Debug\FileOperate.obj
         Debug\main.obj
         Debug\TableClass.obj
         Debug\TypeClass.obj
         DataBaseManager.vcxproj -> E:\MyVSWorkSpace\DataBaseManager\Debug\DataBaseManager.exe
     1>已完成生成项目“E:\MyVSWorkSpace\DataBaseManager\DataBaseManager\DataBaseManager.vcxproj”(Build 个目标)的操作。

已成功生成。

已用时间 00:00:06.11
